c:\users\administrator\documents\visual studio 2015\projects\data_struct\data_struct\debug\vc140.pdb
c:\users\administrator\documents\visual studio 2015\projects\data_struct\data_struct\debug\vc140.idb
c:\users\administrator\documents\visual studio 2015\projects\data_struct\data_struct\debug\test3-6.obj
c:\users\administrator\documents\visual studio 2015\projects\data_struct\data_struct\debug\test3-7.obj
c:\users\administrator\documents\visual studio 2015\projects\data_struct\data_struct\debug\test3-22.obj
c:\users\administrator\documents\visual studio 2015\projects\data_struct\data_struct\debug\test3-22(1).obj
c:\users\administrator\documents\visual studio 2015\projects\data_struct\data_struct\debug\test3-22_1.obj
c:\users\administrator\documents\visual studio 2015\projects\data_struct\data_struct\debug\test.obj
c:\users\administrator\documents\visual studio 2015\projects\data_struct\data_struct\debug\test3_25_a.obj
c:\users\administrator\documents\visual studio 2015\projects\data_struct\data_struct\debug\test3-30-a.obj
c:\users\administrator\documents\visual studio 2015\projects\data_struct\data_struct\debug\test3-30-b.obj
c:\users\administrator\documents\visual studio 2015\projects\data_struct\data_struct\debug\test3-31.obj
c:\users\administrator\documents\visual studio 2015\projects\data_struct\data_struct\debug\test3-32.obj
c:\users\administrator\documents\visual studio 2015\projects\data_struct\debug\data_struct.ilk
c:\users\administrator\documents\visual studio 2015\projects\data_struct\debug\data_struct.exe
c:\users\administrator\documents\visual studio 2015\projects\data_struct\debug\data_struct.pdb
c:\users\administrator\documents\visual studio 2015\projects\data_struct\data_struct\debug\test3-30-b.obj.enc
c:\users\administrator\documents\visual studio 2015\projects\data_struct\data_struct\debug\data_struct.tlog\cl.command.1.tlog
c:\users\administrator\documents\visual studio 2015\projects\data_struct\data_struct\debug\data_struct.tlog\cl.read.1.tlog
c:\users\administrator\documents\visual studio 2015\projects\data_struct\data_struct\debug\data_struct.tlog\cl.write.1.tlog
c:\users\administrator\documents\visual studio 2015\projects\data_struct\data_struct\debug\data_struct.tlog\link.command.1.tlog
c:\users\administrator\documents\visual studio 2015\projects\data_struct\data_struct\debug\data_struct.tlog\link.read.1.tlog
c:\users\administrator\documents\visual studio 2015\projects\data_struct\data_struct\debug\data_struct.tlog\link.write.1.tlog
